#-----------------------------------------------------------
# Vivado v2020.2 (64-bit)
# SW Build 3064766 on Wed Nov 18 09:12:45 MST 2020
# IP Build 3064653 on Wed Nov 18 14:17:31 MST 2020
# Start of session at: Sun Mar  6 19:48:45 2022
# Process ID: 33640
# Current directory: C:/Users/petob/OneDrive/Documents/sedemto/digital-electronics-1/labs/03-vivado/multiplexer
# Command line: vivado.exe -gui_launcher_event rodinguilauncherevent43372 C:\Users\petob\OneDrive\Documents\sedemto\digital-electronics-1\labs\03-vivado\multiplexer\multiplexer.xpr
# Log file: C:/Users/petob/OneDrive/Documents/sedemto/digital-electronics-1/labs/03-vivado/multiplexer/vivado.log
# Journal file: C:/Users/petob/OneDrive/Documents/sedemto/digital-electronics-1/labs/03-vivado/multiplexer\vivado.jou
#-----------------------------------------------------------
start_gui
open_project -read_only C:/Users/petob/OneDrive/Documents/sedemto/digital-electronics-1/labs/03-vivado/multiplexer/multiplexer.xpr
INFO: [ProjectBase 1-489] The host OS only allows 260 characters in a normal path. The project is stored in a path with more than 80 characters. If you experience issues with IP, Block Designs, or files not being found, please consider moving the project to a location with a shorter path. Alternately consider using the OS subst command to map part of the path to a drive letter.
Current project path is 'C:/Users/petob/OneDrive/Documents/sedemto/digital-electronics-1/labs/03-vivado/multiplexer'
INFO: [Project 1-313] Project file moved from 'D:/Documents/xbalus02/digital-electronics-1/labs/03-vivado/multiplexer' since last save.
Scanning sources...
Finished scanning sources
CRITICAL WARNING: [Board 49-67] The board_part definition was not found for digilentinc.com:nexys-a7-50t:part0:1.0. This can happen sometimes when you use custom board part. You can resolve this issue by setting 'board.repoPaths' parameter, pointing to the location of custom board files. Valid board_part values can be retrieved with the 'get_board_parts' Tcl command.
WARNING: [Project 1-229] Project 'multiplexer.xpr' is read-only and therefore could not be upgraded for this version of Vivado.  Use 'File | Save Project As...' if you wish to save an upgraded copy.
INFO: [IP_Flow 19-234] Refreshing IP repositories
INFO: [IP_Flow 19-1704] No user IP repositories specified
INFO: [IP_Flow 19-2313] Loaded Vivado IP repository 'C:/Xilinx/Vivado/2020.2/data/ip'.
open_project: Time (s): cpu = 00:00:12 ; elapsed = 00:00:06 . Memory (MB): peak = 999.977 ; gain = 0.000
update_compile_order -fileset sources_1
exit
INFO: [Common 17-206] Exiting Vivado at Sun Mar  6 19:55:48 2022...
